  Line2D.cpp
D:\CMU\COURSES\SEM-1\Ecomp Projects\ShapeManipulator\ShapeManipulator\Line2D.cpp(22,14): warning C4244: 'initializing': conversion from 'double' to 'float', possible loss of data
D:\CMU\COURSES\SEM-1\Ecomp Projects\ShapeManipulator\ShapeManipulator\Line2D.cpp(23,14): warning C4244: 'initializing': conversion from 'double' to 'float', possible loss of data
D:\CMU\COURSES\SEM-1\Ecomp Projects\ShapeManipulator\ShapeManipulator\Line2D.cpp(24,14): warning C4244: 'initializing': conversion from 'double' to 'float', possible loss of data
D:\CMU\COURSES\SEM-1\Ecomp Projects\ShapeManipulator\ShapeManipulator\Line2D.cpp(63,9): warning C4244: 'return': conversion from 'double' to 'float', possible loss of data
  Shape2D.cpp
D:\CMU\COURSES\SEM-1\Ecomp Projects\ShapeManipulator\ShapeManipulator\Shape2D.cpp(49,39): warning C4267: '=': conversion from 'size_t' to 'int', possible loss of data
D:\CMU\COURSES\SEM-1\Ecomp Projects\ShapeManipulator\ShapeManipulator\Shape2D.cpp(191,33): warning C4244: '=': conversion from 'double' to 'float', possible loss of data
D:\CMU\COURSES\SEM-1\Ecomp Projects\ShapeManipulator\ShapeManipulator\Shape2D.cpp(265,11): warning C4101: 'currPoint': unreferenced local variable
D:\CMU\COURSES\SEM-1\Ecomp Projects\ShapeManipulator\ShapeManipulator\Shape2D.cpp(394,30): warning C4244: '+=': conversion from 'double' to 'float', possible loss of data
  ShapeManager.cpp
D:\CMU\COURSES\SEM-1\Ecomp Projects\ShapeManipulator\ShapeManipulator\ShapeManager.cpp(30,12): warning C4309: 'argument': truncation of constant value
D:\CMU\COURSES\SEM-1\Ecomp Projects\ShapeManipulator\ShapeManipulator\ShapeManager.cpp(57,10): warning C4129: '<': unrecognized character escape sequence
D:\CMU\COURSES\SEM-1\Ecomp Projects\ShapeManipulator\ShapeManipulator\ShapeManager.cpp(57,10): warning C4129: '>': unrecognized character escape sequence
D:\CMU\COURSES\SEM-1\Ecomp Projects\ShapeManipulator\ShapeManipulator\ShapeManager.cpp(104,23): warning C4244: '=': conversion from 'double' to 'int', possible loss of data
D:\CMU\COURSES\SEM-1\Ecomp Projects\ShapeManipulator\ShapeManipulator\ShapeManager.cpp(105,24): warning C4244: '=': conversion from 'double' to 'int', possible loss of data
D:\CMU\COURSES\SEM-1\Ecomp Projects\ShapeManipulator\ShapeManipulator\ShapeManager.cpp(257,18): warning C4305: '*=': truncation from 'double' to 'float'
D:\CMU\COURSES\SEM-1\Ecomp Projects\ShapeManipulator\ShapeManipulator\ShapeManager.cpp(259,18): warning C4305: '/=': truncation from 'double' to 'float'
D:\CMU\COURSES\SEM-1\Ecomp Projects\ShapeManipulator\ShapeManipulator\ShapeManager.cpp(261,14): warning C4244: '*=': conversion from 'double' to 'float', possible loss of data
D:\CMU\COURSES\SEM-1\Ecomp Projects\ShapeManipulator\ShapeManipulator\ShapeManager.cpp(263,14): warning C4244: '/=': conversion from 'double' to 'float', possible loss of data
D:\CMU\COURSES\SEM-1\Ecomp Projects\ShapeManipulator\ShapeManipulator\ShapeManager.cpp(332,32): warning C4305: '*=': truncation from 'double' to 'float'
D:\CMU\COURSES\SEM-1\Ecomp Projects\ShapeManipulator\ShapeManipulator\ShapeManager.cpp(334,33): warning C4305: '/=': truncation from 'double' to 'float'
D:\CMU\COURSES\SEM-1\Ecomp Projects\ShapeManipulator\ShapeManipulator\ShapeManager.cpp(382,38): warning C4267: '=': conversion from 'size_t' to 'int', possible loss of data
D:\CMU\COURSES\SEM-1\Ecomp Projects\ShapeManipulator\ShapeManipulator\ShapeManager.cpp(406,54): warning C4244: 'argument': conversion from 'double' to 'float', possible loss of data
D:\CMU\COURSES\SEM-1\Ecomp Projects\ShapeManipulator\ShapeManipulator\ShapeManager.cpp(419,21): warning C4244: 'argument': conversion from 'int' to 'GLfloat', possible loss of data
D:\CMU\COURSES\SEM-1\Ecomp Projects\ShapeManipulator\ShapeManipulator\ShapeManager.cpp(419,15): warning C4244: 'argument': conversion from 'int' to 'GLfloat', possible loss of data
D:\CMU\COURSES\SEM-1\Ecomp Projects\ShapeManipulator\ShapeManipulator\ShapeManager.cpp(444,53): warning C4244: 'argument': conversion from 'double' to 'float', possible loss of data
  ShapeManagerMain.cpp
  yssimplesound_dsound.cpp
D:\CMU\COURSES\SEM-1\Ecomp Projects\ShapeManipulator\ShapeManipulator\yssimplesound_dsound.cpp(104,42): warning C4311: 'type cast': pointer truncation from 'HWND' to 'int'
D:\CMU\COURSES\SEM-1\Ecomp Projects\ShapeManipulator\ShapeManipulator\yssimplesound_dsound.cpp(104,42): warning C4302: 'type cast': truncation from 'HWND' to 'int'
D:\CMU\COURSES\SEM-1\Ecomp Projects\ShapeManipulator\ShapeManipulator\yssimplesound_dsound.cpp(227,11): warning C4244: '=': conversion from 'double' to 'float', possible loss of data
D:\CMU\COURSES\SEM-1\Ecomp Projects\ShapeManipulator\ShapeManipulator\yssimplesound_dsound.cpp(229,11): warning C4244: 'initializing': conversion from 'double' to 'float', possible loss of data
  Generating Code...
D:\CMU\COURSES\SEM-1\Ecomp Projects\ShapeManipulator\ShapeManipulator\Shape2D.cpp(86): warning C4715: 'Shape2D::addPoint': not all control paths return a value
  ShapeManipulator.vcxproj -> D:\CMU\COURSES\SEM-1\Ecomp Projects\ShapeManipulator\x64\Debug\ShapeManipulator.exe
