  ButtonCollection.cpp
D:\CMU\COURSES\SEM-1\Ecomp Projects\Maze_Simple\Maze_Simple\ButtonCollection.cpp(110,94): warning C4267: 'argument': conversion from 'size_t' to 'int', possible loss of data
D:\CMU\COURSES\SEM-1\Ecomp Projects\Maze_Simple\Maze_Simple\ButtonCollection.cpp(112,95): warning C4267: 'argument': conversion from 'size_t' to 'int', possible loss of data
  DrawingUtilNG.cpp
D:\CMU\COURSES\SEM-1\Ecomp Projects\Maze_Simple\Maze_Simple\DrawingUtilNG.cpp(27,13): warning C4244: 'return': conversion from 'double' to 'float', possible loss of data
D:\CMU\COURSES\SEM-1\Ecomp Projects\Maze_Simple\Maze_Simple\DrawingUtilNG.cpp(84,39): warning C4244: 'argument': conversion from 'double' to 'float', possible loss of data
D:\CMU\COURSES\SEM-1\Ecomp Projects\Maze_Simple\Maze_Simple\DrawingUtilNG.cpp(85,57): warning C4244: 'argument': conversion from 'double' to 'float', possible loss of data
D:\CMU\COURSES\SEM-1\Ecomp Projects\Maze_Simple\Maze_Simple\DrawingUtilNG.cpp(86,56): warning C4244: 'argument': conversion from 'double' to 'float', possible loss of data
D:\CMU\COURSES\SEM-1\Ecomp Projects\Maze_Simple\Maze_Simple\DrawingUtilNG.cpp(95,22): warning C4244: 'initializing': conversion from 'double' to 'float', possible loss of data
D:\CMU\COURSES\SEM-1\Ecomp Projects\Maze_Simple\Maze_Simple\DrawingUtilNG.cpp(96,15): warning C4244: 'initializing': conversion from 'double' to 'float', possible loss of data
D:\CMU\COURSES\SEM-1\Ecomp Projects\Maze_Simple\Maze_Simple\DrawingUtilNG.cpp(103,19): warning C4244: '=': conversion from 'double' to 'int', possible loss of data
D:\CMU\COURSES\SEM-1\Ecomp Projects\Maze_Simple\Maze_Simple\DrawingUtilNG.cpp(115,32): warning C4244: '=': conversion from 'double' to 'float', possible loss of data
D:\CMU\COURSES\SEM-1\Ecomp Projects\Maze_Simple\Maze_Simple\DrawingUtilNG.cpp(116,32): warning C4244: '=': conversion from 'double' to 'float', possible loss of data
D:\CMU\COURSES\SEM-1\Ecomp Projects\Maze_Simple\Maze_Simple\DrawingUtilNG.cpp(132,32): warning C4244: '=': conversion from 'double' to 'float', possible loss of data
D:\CMU\COURSES\SEM-1\Ecomp Projects\Maze_Simple\Maze_Simple\DrawingUtilNG.cpp(133,32): warning C4244: '=': conversion from 'double' to 'float', possible loss of data
D:\CMU\COURSES\SEM-1\Ecomp Projects\Maze_Simple\Maze_Simple\DrawingUtilNG.cpp(135,37): warning C4244: '=': conversion from 'double' to 'float', possible loss of data
D:\CMU\COURSES\SEM-1\Ecomp Projects\Maze_Simple\Maze_Simple\DrawingUtilNG.cpp(136,37): warning C4244: '=': conversion from 'double' to 'float', possible loss of data
D:\CMU\COURSES\SEM-1\Ecomp Projects\Maze_Simple\Maze_Simple\DrawingUtilNG.cpp(122,10): warning C4101: 'prevX': unreferenced local variable
D:\CMU\COURSES\SEM-1\Ecomp Projects\Maze_Simple\Maze_Simple\DrawingUtilNG.cpp(122,17): warning C4101: 'prevY': unreferenced local variable
D:\CMU\COURSES\SEM-1\Ecomp Projects\Maze_Simple\Maze_Simple\DrawingUtilNG.cpp(157,17): warning C4244: 'argument': conversion from 'double' to 'GLint', possible loss of data
D:\CMU\COURSES\SEM-1\Ecomp Projects\Maze_Simple\Maze_Simple\DrawingUtilNG.cpp(157,14): warning C4244: 'argument': conversion from 'double' to 'GLint', possible loss of data
D:\CMU\COURSES\SEM-1\Ecomp Projects\Maze_Simple\Maze_Simple\DrawingUtilNG.cpp(158,25): warning C4244: 'argument': conversion from 'double' to 'GLint', possible loss of data
D:\CMU\COURSES\SEM-1\Ecomp Projects\Maze_Simple\Maze_Simple\DrawingUtilNG.cpp(158,16): warning C4244: 'argument': conversion from 'double' to 'GLint', possible loss of data
D:\CMU\COURSES\SEM-1\Ecomp Projects\Maze_Simple\Maze_Simple\DrawingUtilNG.cpp(159,27): warning C4244: 'argument': conversion from 'double' to 'GLint', possible loss of data
D:\CMU\COURSES\SEM-1\Ecomp Projects\Maze_Simple\Maze_Simple\DrawingUtilNG.cpp(159,16): warning C4244: 'argument': conversion from 'double' to 'GLint', possible loss of data
D:\CMU\COURSES\SEM-1\Ecomp Projects\Maze_Simple\Maze_Simple\DrawingUtilNG.cpp(160,19): warning C4244: 'argument': conversion from 'double' to 'GLint', possible loss of data
D:\CMU\COURSES\SEM-1\Ecomp Projects\Maze_Simple\Maze_Simple\DrawingUtilNG.cpp(160,14): warning C4244: 'argument': conversion from 'double' to 'GLint', possible loss of data
D:\CMU\COURSES\SEM-1\Ecomp Projects\Maze_Simple\Maze_Simple\DrawingUtilNG.cpp(170,79): warning C4244: 'argument': conversion from 'double' to 'int', possible loss of data
D:\CMU\COURSES\SEM-1\Ecomp Projects\Maze_Simple\Maze_Simple\DrawingUtilNG.cpp(170,52): warning C4244: 'argument': conversion from 'double' to 'int', possible loss of data
D:\CMU\COURSES\SEM-1\Ecomp Projects\Maze_Simple\Maze_Simple\DrawingUtilNG.cpp(173,81): warning C4244: 'argument': conversion from 'double' to 'int', possible loss of data
D:\CMU\COURSES\SEM-1\Ecomp Projects\Maze_Simple\Maze_Simple\DrawingUtilNG.cpp(173,53): warning C4244: 'argument': conversion from 'double' to 'int', possible loss of data
D:\CMU\COURSES\SEM-1\Ecomp Projects\Maze_Simple\Maze_Simple\DrawingUtilNG.cpp(176,88): warning C4244: 'argument': conversion from 'double' to 'int', possible loss of data
D:\CMU\COURSES\SEM-1\Ecomp Projects\Maze_Simple\Maze_Simple\DrawingUtilNG.cpp(176,60): warning C4244: 'argument': conversion from 'double' to 'int', possible loss of data
D:\CMU\COURSES\SEM-1\Ecomp Projects\Maze_Simple\Maze_Simple\DrawingUtilNG.cpp(179,72): warning C4244: 'argument': conversion from 'double' to 'int', possible loss of data
D:\CMU\COURSES\SEM-1\Ecomp Projects\Maze_Simple\Maze_Simple\DrawingUtilNG.cpp(179,45): warning C4244: 'argument': conversion from 'double' to 'int', possible loss of data
D:\CMU\COURSES\SEM-1\Ecomp Projects\Maze_Simple\Maze_Simple\DrawingUtilNG.cpp(188,22): warning C4244: 'initializing': conversion from 'double' to 'float', possible loss of data
D:\CMU\COURSES\SEM-1\Ecomp Projects\Maze_Simple\Maze_Simple\DrawingUtilNG.cpp(243,22): warning C4244: 'initializing': conversion from 'double' to 'float', possible loss of data
D:\CMU\COURSES\SEM-1\Ecomp Projects\Maze_Simple\Maze_Simple\DrawingUtilNG.cpp(268,7): warning C4804: '%': unsafe use of type 'bool' in operation
D:\CMU\COURSES\SEM-1\Ecomp Projects\Maze_Simple\Maze_Simple\DrawingUtilNG.cpp(305,7): warning C4804: '%': unsafe use of type 'bool' in operation
D:\CMU\COURSES\SEM-1\Ecomp Projects\Maze_Simple\Maze_Simple\DrawingUtilNG.cpp(441,45): warning C4244: 'argument': conversion from 'double' to 'GLubyte', possible loss of data
D:\CMU\COURSES\SEM-1\Ecomp Projects\Maze_Simple\Maze_Simple\DrawingUtilNG.cpp(574,23): warning C4244: 'initializing': conversion from 'double' to 'float', possible loss of data
D:\CMU\COURSES\SEM-1\Ecomp Projects\Maze_Simple\Maze_Simple\DrawingUtilNG.cpp(578,29): warning C4244: '+=': conversion from 'double' to 'float', possible loss of data
D:\CMU\COURSES\SEM-1\Ecomp Projects\Maze_Simple\Maze_Simple\DrawingUtilNG.cpp(581,29): warning C4244: '+=': conversion from 'double' to 'float', possible loss of data
  Entity.cpp
D:\CMU\COURSES\SEM-1\Ecomp Projects\Maze_Simple\Maze_Simple\Entity.cpp(73,25): warning C4244: '=': conversion from 'double' to 'int', possible loss of data
D:\CMU\COURSES\SEM-1\Ecomp Projects\Maze_Simple\Maze_Simple\Entity.cpp(74,25): warning C4244: '=': conversion from 'double' to 'int', possible loss of data
D:\CMU\COURSES\SEM-1\Ecomp Projects\Maze_Simple\Maze_Simple\Entity.cpp(89,25): warning C4244: '=': conversion from 'double' to 'int', possible loss of data
D:\CMU\COURSES\SEM-1\Ecomp Projects\Maze_Simple\Maze_Simple\Entity.cpp(90,25): warning C4244: '=': conversion from 'double' to 'int', possible loss of data
D:\CMU\COURSES\SEM-1\Ecomp Projects\Maze_Simple\Maze_Simple\Entity.cpp(97,14): warning C4244: 'initializing': conversion from 'double' to 'int', possible loss of data
D:\CMU\COURSES\SEM-1\Ecomp Projects\Maze_Simple\Maze_Simple\Entity.cpp(98,14): warning C4244: 'initializing': conversion from 'double' to 'int', possible loss of data
D:\CMU\COURSES\SEM-1\Ecomp Projects\Maze_Simple\Maze_Simple\Entity.cpp(130,53): warning C4244: '=': conversion from 'double' to 'int', possible loss of data
D:\CMU\COURSES\SEM-1\Ecomp Projects\Maze_Simple\Maze_Simple\Entity.cpp(131,53): warning C4244: '=': conversion from 'double' to 'int', possible loss of data
D:\CMU\COURSES\SEM-1\Ecomp Projects\Maze_Simple\Maze_Simple\Entity.cpp(132,25): warning C4244: 'argument': conversion from 'int' to 'GLfloat', possible loss of data
D:\CMU\COURSES\SEM-1\Ecomp Projects\Maze_Simple\Maze_Simple\Entity.cpp(132,16): warning C4244: 'argument': conversion from 'int' to 'GLfloat', possible loss of data
D:\CMU\COURSES\SEM-1\Ecomp Projects\Maze_Simple\Maze_Simple\Entity.cpp(136,26): warning C4244: 'argument': conversion from 'int' to 'GLfloat', possible loss of data
D:\CMU\COURSES\SEM-1\Ecomp Projects\Maze_Simple\Maze_Simple\Entity.cpp(136,16): warning C4244: 'argument': conversion from 'int' to 'GLfloat', possible loss of data
D:\CMU\COURSES\SEM-1\Ecomp Projects\Maze_Simple\Maze_Simple\Entity.cpp(179,15): warning C4244: 'initializing': conversion from 'int' to 'float', possible loss of data
D:\CMU\COURSES\SEM-1\Ecomp Projects\Maze_Simple\Maze_Simple\Entity.cpp(180,14): warning C4244: 'initializing': conversion from 'double' to 'int', possible loss of data
D:\CMU\COURSES\SEM-1\Ecomp Projects\Maze_Simple\Maze_Simple\Entity.cpp(181,14): warning C4244: 'initializing': conversion from 'double' to 'int', possible loss of data
  fssimplewindow.cpp
D:\CMU\COURSES\SEM-1\Ecomp Projects\Maze_Simple\Maze_Simple\fssimplewindow.cpp(954,72): warning C4267: 'argument': conversion from 'size_t' to 'DWORD', possible loss of data
  GraphicFont.cpp
D:\CMU\COURSES\SEM-1\Ecomp Projects\Maze_Simple\Maze_Simple\GraphicFont.cpp(27,15): warning C4244: 'initializing': conversion from 'double' to 'float', possible loss of data
D:\CMU\COURSES\SEM-1\Ecomp Projects\Maze_Simple\Maze_Simple\GraphicFont.cpp(31,17): warning C4244: 'argument': conversion from 'double' to 'float', possible loss of data
D:\CMU\COURSES\SEM-1\Ecomp Projects\Maze_Simple\Maze_Simple\GraphicFont.cpp(147,55): warning C4244: 'argument': conversion from 'double' to 'float', possible loss of data
D:\CMU\COURSES\SEM-1\Ecomp Projects\Maze_Simple\Maze_Simple\GraphicFont.cpp(148,61): warning C4244: 'argument': conversion from 'double' to 'float', possible loss of data
D:\CMU\COURSES\SEM-1\Ecomp Projects\Maze_Simple\Maze_Simple\GraphicFont.cpp(225,18): warning C4244: 'initializing': conversion from 'double' to 'int', possible loss of data
D:\CMU\COURSES\SEM-1\Ecomp Projects\Maze_Simple\Maze_Simple\GraphicFont.cpp(226,17): warning C4244: 'initializing': conversion from 'double' to 'int', possible loss of data
D:\CMU\COURSES\SEM-1\Ecomp Projects\Maze_Simple\Maze_Simple\GraphicFont.cpp(268,20): warning C4244: 'initializing': conversion from 'double' to 'float', possible loss of data
D:\CMU\COURSES\SEM-1\Ecomp Projects\Maze_Simple\Maze_Simple\GraphicFont.cpp(269,19): warning C4244: 'initializing': conversion from 'double' to 'float', possible loss of data
  Maze.cpp
D:\CMU\COURSES\SEM-1\Ecomp Projects\Maze_Simple\Maze_Simple\Maze.cpp(24,6): warning C4267: '=': conversion from 'size_t' to 'int', possible loss of data
  maze_main.cpp
D:\CMU\COURSES\SEM-1\Ecomp Projects\Maze_Simple\Maze_Simple\maze_main.cpp(32,7): warning C4101: 'userChoice': unreferenced local variable
D:\CMU\COURSES\SEM-1\Ecomp Projects\Maze_Simple\Maze_Simple\maze_main.cpp(33,6): warning C4101: 'newRowSize': unreferenced local variable
D:\CMU\COURSES\SEM-1\Ecomp Projects\Maze_Simple\Maze_Simple\maze_main.cpp(33,18): warning C4101: 'newColSize': unreferenced local variable
  StringPlus.cpp
D:\CMU\COURSES\SEM-1\Ecomp Projects\Maze_Simple\Maze_Simple\StringPlus.cpp(19,39): warning C4267: 'initializing': conversion from 'size_t' to 'int', possible loss of data
  yspng.cpp
  yssimplesound.cpp
D:\CMU\COURSES\SEM-1\Ecomp Projects\Maze_Simple\Maze_Simple\yssimplesound.cpp(327,25): warning C4267: '=': conversion from 'size_t' to 'unsigned int', possible loss of data
D:\CMU\COURSES\SEM-1\Ecomp Projects\Maze_Simple\Maze_Simple\yssimplesound.cpp(496,22): warning C4244: '=': conversion from '__int64' to 'unsigned int', possible loss of data
D:\CMU\COURSES\SEM-1\Ecomp Projects\Maze_Simple\Maze_Simple\yssimplesound.cpp(532,18): warning C4018: '<': signed/unsigned mismatch
D:\CMU\COURSES\SEM-1\Ecomp Projects\Maze_Simple\Maze_Simple\yssimplesound.cpp(557,17): warning C4018: '<': signed/unsigned mismatch
D:\CMU\COURSES\SEM-1\Ecomp Projects\Maze_Simple\Maze_Simple\yssimplesound.cpp(581,18): warning C4018: '<': signed/unsigned mismatch
D:\CMU\COURSES\SEM-1\Ecomp Projects\Maze_Simple\Maze_Simple\yssimplesound.cpp(595,18): warning C4018: '<': signed/unsigned mismatch
D:\CMU\COURSES\SEM-1\Ecomp Projects\Maze_Simple\Maze_Simple\yssimplesound.cpp(637,58): warning C4267: 'argument': conversion from 'size_t' to 'int', possible loss of data
D:\CMU\COURSES\SEM-1\Ecomp Projects\Maze_Simple\Maze_Simple\yssimplesound.cpp(644,49): warning C4267: 'argument': conversion from 'size_t' to 'int', possible loss of data
D:\CMU\COURSES\SEM-1\Ecomp Projects\Maze_Simple\Maze_Simple\yssimplesound.cpp(645,51): warning C4267: 'argument': conversion from 'size_t' to 'int', possible loss of data
D:\CMU\COURSES\SEM-1\Ecomp Projects\Maze_Simple\Maze_Simple\yssimplesound.cpp(654,51): warning C4267: 'argument': conversion from 'size_t' to 'int', possible loss of data
D:\CMU\COURSES\SEM-1\Ecomp Projects\Maze_Simple\Maze_Simple\yssimplesound.cpp(655,49): warning C4267: 'argument': conversion from 'size_t' to 'int', possible loss of data
D:\CMU\COURSES\SEM-1\Ecomp Projects\Maze_Simple\Maze_Simple\yssimplesound.cpp(656,51): warning C4267: 'argument': conversion from 'size_t' to 'int', possible loss of data
D:\CMU\COURSES\SEM-1\Ecomp Projects\Maze_Simple\Maze_Simple\yssimplesound.cpp(657,51): warning C4267: 'argument': conversion from 'size_t' to 'int', possible loss of data
D:\CMU\COURSES\SEM-1\Ecomp Projects\Maze_Simple\Maze_Simple\yssimplesound.cpp(690,22): warning C4267: '=': conversion from 'size_t' to 'unsigned int', possible loss of data
D:\CMU\COURSES\SEM-1\Ecomp Projects\Maze_Simple\Maze_Simple\yssimplesound.cpp(710,47): warning C4267: 'argument': conversion from 'size_t' to 'int', possible loss of data
D:\CMU\COURSES\SEM-1\Ecomp Projects\Maze_Simple\Maze_Simple\yssimplesound.cpp(710,71): warning C4267: 'argument': conversion from 'size_t' to 'int', possible loss of data
D:\CMU\COURSES\SEM-1\Ecomp Projects\Maze_Simple\Maze_Simple\yssimplesound.cpp(716,23): warning C4267: '=': conversion from 'size_t' to 'unsigned int', possible loss of data
D:\CMU\COURSES\SEM-1\Ecomp Projects\Maze_Simple\Maze_Simple\yssimplesound.cpp(735,18): warning C4018: '<': signed/unsigned mismatch
D:\CMU\COURSES\SEM-1\Ecomp Projects\Maze_Simple\Maze_Simple\yssimplesound.cpp(742,18): warning C4018: '<': signed/unsigned mismatch
D:\CMU\COURSES\SEM-1\Ecomp Projects\Maze_Simple\Maze_Simple\yssimplesound.cpp(766,18): warning C4018: '<': signed/unsigned mismatch
D:\CMU\COURSES\SEM-1\Ecomp Projects\Maze_Simple\Maze_Simple\yssimplesound.cpp(773,18): warning C4018: '<': signed/unsigned mismatch
D:\CMU\COURSES\SEM-1\Ecomp Projects\Maze_Simple\Maze_Simple\yssimplesound.cpp(805,54): warning C4267: 'argument': conversion from 'size_t' to 'int', possible loss of data
D:\CMU\COURSES\SEM-1\Ecomp Projects\Maze_Simple\Maze_Simple\yssimplesound.cpp(811,23): warning C4267: '=': conversion from 'size_t' to 'unsigned int', possible loss of data
D:\CMU\COURSES\SEM-1\Ecomp Projects\Maze_Simple\Maze_Simple\yssimplesound.cpp(987,14): warning C4244: '=': conversion from '__int64' to 'unsigned int', possible loss of data
D:\CMU\COURSES\SEM-1\Ecomp Projects\Maze_Simple\Maze_Simple\yssimplesound.cpp(1086,16): warning C4018: '<': signed/unsigned mismatch
  yssimplesound_dsound.cpp
D:\CMU\COURSES\SEM-1\Ecomp Projects\Maze_Simple\Maze_Simple\yssimplesound_dsound.cpp(104,42): warning C4311: 'type cast': pointer truncation from 'HWND' to 'int'
D:\CMU\COURSES\SEM-1\Ecomp Projects\Maze_Simple\Maze_Simple\yssimplesound_dsound.cpp(104,42): warning C4302: 'type cast': truncation from 'HWND' to 'int'
D:\CMU\COURSES\SEM-1\Ecomp Projects\Maze_Simple\Maze_Simple\yssimplesound_dsound.cpp(227,11): warning C4244: '=': conversion from 'double' to 'float', possible loss of data
D:\CMU\COURSES\SEM-1\Ecomp Projects\Maze_Simple\Maze_Simple\yssimplesound_dsound.cpp(229,11): warning C4244: 'initializing': conversion from 'double' to 'float', possible loss of data
  Generating Code...
  ysglfontdata.c
D:\CMU\COURSES\SEM-1\Ecomp Projects\Maze_Simple\Maze_Simple\ysglfontdata.c(17140,24): warning C4244: 'function': conversion from 'int' to 'GLfloat', possible loss of data
D:\CMU\COURSES\SEM-1\Ecomp Projects\Maze_Simple\Maze_Simple\ysglfontdata.c(17150,24): warning C4244: 'function': conversion from 'int' to 'GLfloat', possible loss of data
D:\CMU\COURSES\SEM-1\Ecomp Projects\Maze_Simple\Maze_Simple\ysglfontdata.c(17389,31): warning C4018: '<': signed/unsigned mismatch
D:\CMU\COURSES\SEM-1\Ecomp Projects\Maze_Simple\Maze_Simple\ysglfontdata.c(17393,25): warning C4018: '<': signed/unsigned mismatch
D:\CMU\COURSES\SEM-1\Ecomp Projects\Maze_Simple\Maze_Simple\ysglfontdata.c(17393,60): warning C4018: '<': signed/unsigned mismatch
D:\CMU\COURSES\SEM-1\Ecomp Projects\Maze_Simple\Maze_Simple\ysglfontdata.c(17397,31): warning C4018: '<': signed/unsigned mismatch
D:\CMU\COURSES\SEM-1\Ecomp Projects\Maze_Simple\Maze_Simple\ysglfontdata.c(17417,31): warning C4018: '<': signed/unsigned mismatch
D:\CMU\COURSES\SEM-1\Ecomp Projects\Maze_Simple\Maze_Simple\ysglfontdata.c(17427,16): warning C4018: '<': signed/unsigned mismatch
D:\CMU\COURSES\SEM-1\Ecomp Projects\Maze_Simple\Maze_Simple\ysglfontdata.c(17446,16): warning C4018: '<': signed/unsigned mismatch
D:\CMU\COURSES\SEM-1\Ecomp Projects\Maze_Simple\Maze_Simple\ysglfontdata.c(17519,30): warning C4018: '<': signed/unsigned mismatch
D:\CMU\COURSES\SEM-1\Ecomp Projects\Maze_Simple\Maze_Simple\ysglfontdata.c(17536,32): warning C4018: '<': signed/unsigned mismatch
  Maze_Simple.vcxproj -> D:\CMU\COURSES\SEM-1\Ecomp Projects\Maze_Simple\x64\Debug\Maze_Simple.exe
